<?xml version="1.0" encoding="UTF-8"?>
<!-- Generated by org.testng.reporters.JUnitXMLReporter -->
<testsuite hostname="LAPTOP-GK9MKBMT" ignored="2" name="Test" tests="5" failures="0" timestamp="21 Feb 2024 05:30:08 GMT" time="177.234" errors="0">
  <testcase name="validatecreatenewcontact" time="8.408" classname="LoginpageTest.ContactpageTest"/>
  <testcase name="validatecreatenewcontact" time="8.252" classname="LoginpageTest.ContactpageTest"/>
  <testcase name="validatecreatenewcontact" time="7.793" classname="LoginpageTest.ContactpageTest"/>
  <testcase name="validatecreatenewcontact" time="8.423" classname="LoginpageTest.ContactpageTest"/>
  <testcase name="ValidateDeletecontactnamesTest" time="5.669" classname="LoginpageTest.DeletecontactnamesTest"/>
  <testcase name="@AfterTest generateReport" time="0.0" classname="com.crm.qa.base.Testbase">
    <ignored/>
  </testcase> <!-- @AfterTest generateReport -->
  <testcase name="@BeforeTest initreport" time="0.0" classname="com.crm.qa.base.Testbase">
    <ignored/>
  </testcase> <!-- @BeforeTest initreport -->
</testsuite> <!-- Test -->
