<?xml version="1.0" encoding="UTF-8"?>
<testng-results skipped="0" failed="0" ignored="2" total="7" passed="5">
  <reporter-output>
  </reporter-output>
  <suite name="Suite" duration-ms="177234" started-at="2024-02-21T05:27:11Z" finished-at="2024-02-21T05:30:08Z">
    <groups>
    </groups>
    <test name="Test" duration-ms="177234" started-at="2024-02-21T05:27:11Z" finished-at="2024-02-21T05:30:08Z">
      <class name="LoginpageTest.DeletecontactnamesTest">
        <test-method status="PASS" signature="BeforetestExecution(java.lang.reflect.Method)[pri:0, instance:LoginpageTest.DeletecontactnamesTest@1e127982]" name="BeforetestExecution" is-config="true" duration-ms="0" started-at="2024-02-21T10:59:34Z" finished-at="2024-02-21T10:59:34Z">
          <params>
            <param index="0">
              <value>
                <![CDATA[public void LoginpageTest.DeletecontactnamesTest.ValidateDeletecontactnamesTest(java.lang.String) throws java.lang.InterruptedException]]>
              </value>
            </param>
          </params>
          <reporter-output>
          </reporter-output>
        </test-method> <!-- BeforetestExecution -->
        <test-method status="PASS" signature="setup()[pri:0, instance:LoginpageTest.DeletecontactnamesTest@1e127982]" name="setup" is-config="true" duration-ms="27126" started-at="2024-02-21T10:59:34Z" finished-at="2024-02-21T11:00:01Z">
          <reporter-output>
          </reporter-output>
        </test-method> <!-- setup -->
        <test-method status="PASS" signature="ValidateDeletecontactnamesTest(java.lang.String)[pri:2, instance:LoginpageTest.DeletecontactnamesTest@1e127982]" name="ValidateDeletecontactnamesTest" duration-ms="5669" started-at="2024-02-21T11:00:01Z" data-provider="getDropDown" finished-at="2024-02-21T11:00:07Z">
          <params>
            <param index="0">
              <value>
                <![CDATA[Delete Checked]]>
              </value>
            </param>
          </params>
          <reporter-output>
          </reporter-output>
        </test-method> <!-- ValidateDeletecontactnamesTest -->
        <test-method status="PASS" signature="teardown()[pri:0, instance:LoginpageTest.DeletecontactnamesTest@1e127982]" name="teardown" is-config="true" duration-ms="313" started-at="2024-02-21T11:00:07Z" finished-at="2024-02-21T11:00:07Z">
          <reporter-output>
          </reporter-output>
        </test-method> <!-- teardown -->
        <test-method status="PASS" signature="AftertestExecution(org.testng.ITestResult)[pri:0, instance:LoginpageTest.DeletecontactnamesTest@1e127982]" name="AftertestExecution" is-config="true" duration-ms="0" started-at="2024-02-21T11:00:07Z" finished-at="2024-02-21T11:00:07Z">
          <params>
            <param index="0">
              <value>
                <![CDATA[[TestResult name=ValidateDeletecontactnamesTest status=SUCCESS method=DeletecontactnamesTest.ValidateDeletecontactnamesTest(java.lang.String)[pri:2, instance:LoginpageTest.DeletecontactnamesTest@1e127982] output={null}]]]>
              </value>
            </param>
          </params>
          <reporter-output>
          </reporter-output>
        </test-method> <!-- AftertestExecution -->
      </class> <!-- LoginpageTest.DeletecontactnamesTest -->
      <class name="LoginpageTest.ContactpageTest">
        <test-method status="PASS" signature="initreport()[pri:0, instance:LoginpageTest.ContactpageTest@617faa95]" name="initreport" is-config="true" duration-ms="261" started-at="2024-02-21T10:57:11Z" finished-at="2024-02-21T10:57:11Z">
          <reporter-output>
          </reporter-output>
        </test-method> <!-- initreport -->
        <test-method status="PASS" signature="setup()[pri:0, instance:LoginpageTest.ContactpageTest@617faa95]" name="setup" is-config="true" duration-ms="29281" started-at="2024-02-21T10:57:12Z" finished-at="2024-02-21T10:57:41Z">
          <reporter-output>
          </reporter-output>
        </test-method> <!-- setup -->
        <test-method status="PASS" signature="BeforetestExecution(java.lang.reflect.Method)[pri:0, instance:LoginpageTest.ContactpageTest@617faa95]" name="BeforetestExecution" is-config="true" duration-ms="0" started-at="2024-02-21T10:57:12Z" finished-at="2024-02-21T10:57:12Z">
          <params>
            <param index="0">
              <value>
                <![CDATA[public void LoginpageTest.ContactpageTest.validatecreatenewcontact(java.lang.String,java.lang.String,java.lang.String,java.lang.String,java.lang.String)]]>
              </value>
            </param>
          </params>
          <reporter-output>
          </reporter-output>
        </test-method> <!-- BeforetestExecution -->
        <test-method status="PASS" signature="validatecreatenewcontact(java.lang.String, java.lang.String, java.lang.String, java.lang.String, java.lang.String)[pri:1, instance:LoginpageTest.ContactpageTest@617faa95]" name="validatecreatenewcontact" duration-ms="8408" started-at="2024-02-21T10:57:41Z" data-provider="getCRMTestdata" finished-at="2024-02-21T10:57:49Z">
          <params>
            <param index="0">
              <value>
                <![CDATA[Mr.]]>
              </value>
            </param>
            <param index="1">
              <value>
                <![CDATA[Test_1]]>
              </value>
            </param>
            <param index="2">
              <value>
                <![CDATA[Test_1_Sname]]>
              </value>
            </param>
            <param index="3">
              <value>
                <![CDATA[XYZ]]>
              </value>
            </param>
            <param index="4">
              <value>
                <![CDATA[dummygmail@gmail.com]]>
              </value>
            </param>
          </params>
          <reporter-output>
          </reporter-output>
        </test-method> <!-- validatecreatenewcontact -->
        <test-method status="PASS" signature="teardown()[pri:0, instance:LoginpageTest.ContactpageTest@617faa95]" name="teardown" is-config="true" duration-ms="1056" started-at="2024-02-21T10:57:49Z" finished-at="2024-02-21T10:57:51Z">
          <reporter-output>
          </reporter-output>
        </test-method> <!-- teardown -->
        <test-method status="PASS" signature="BeforetestExecution(java.lang.reflect.Method)[pri:0, instance:LoginpageTest.ContactpageTest@617faa95]" name="BeforetestExecution" is-config="true" duration-ms="0" started-at="2024-02-21T10:57:51Z" finished-at="2024-02-21T10:57:51Z">
          <params>
            <param index="0">
              <value>
                <![CDATA[public void LoginpageTest.ContactpageTest.validatecreatenewcontact(java.lang.String,java.lang.String,java.lang.String,java.lang.String,java.lang.String)]]>
              </value>
            </param>
          </params>
          <reporter-output>
          </reporter-output>
        </test-method> <!-- BeforetestExecution -->
        <test-method status="PASS" signature="AftertestExecution(org.testng.ITestResult)[pri:0, instance:LoginpageTest.ContactpageTest@617faa95]" name="AftertestExecution" is-config="true" duration-ms="0" started-at="2024-02-21T10:57:51Z" finished-at="2024-02-21T10:57:51Z">
          <params>
            <param index="0">
              <value>
                <![CDATA[[TestResult name=validatecreatenewcontact status=SUCCESS method=ContactpageTest.validatecreatenewcontact(java.lang.String, java.lang.String, java.lang.String, java.lang.String, java.lang.String)[pri:1, instance:LoginpageTest.ContactpageTest@617faa95] output={null}]]]>
              </value>
            </param>
          </params>
          <reporter-output>
          </reporter-output>
        </test-method> <!-- AftertestExecution -->
        <test-method status="PASS" signature="setup()[pri:0, instance:LoginpageTest.ContactpageTest@617faa95]" name="setup" is-config="true" duration-ms="25506" started-at="2024-02-21T10:57:51Z" finished-at="2024-02-21T10:58:16Z">
          <reporter-output>
          </reporter-output>
        </test-method> <!-- setup -->
        <test-method status="PASS" signature="validatecreatenewcontact(java.lang.String, java.lang.String, java.lang.String, java.lang.String, java.lang.String)[pri:1, instance:LoginpageTest.ContactpageTest@617faa95]" name="validatecreatenewcontact" duration-ms="8252" started-at="2024-02-21T10:58:16Z" data-provider="getCRMTestdata" finished-at="2024-02-21T10:58:24Z">
          <params>
            <param index="0">
              <value>
                <![CDATA[Mr.]]>
              </value>
            </param>
            <param index="1">
              <value>
                <![CDATA[Test_2]]>
              </value>
            </param>
            <param index="2">
              <value>
                <![CDATA[Test2_Sname]]>
              </value>
            </param>
            <param index="3">
              <value>
                <![CDATA[XYZ]]>
              </value>
            </param>
            <param index="4">
              <value>
                <![CDATA[dummygmail@gmail.com]]>
              </value>
            </param>
          </params>
          <reporter-output>
          </reporter-output>
        </test-method> <!-- validatecreatenewcontact -->
        <test-method status="PASS" signature="teardown()[pri:0, instance:LoginpageTest.ContactpageTest@617faa95]" name="teardown" is-config="true" duration-ms="980" started-at="2024-02-21T10:58:24Z" finished-at="2024-02-21T10:58:25Z">
          <reporter-output>
          </reporter-output>
        </test-method> <!-- teardown -->
        <test-method status="PASS" signature="AftertestExecution(org.testng.ITestResult)[pri:0, instance:LoginpageTest.ContactpageTest@617faa95]" name="AftertestExecution" is-config="true" duration-ms="3" started-at="2024-02-21T10:58:25Z" finished-at="2024-02-21T10:58:25Z">
          <params>
            <param index="0">
              <value>
                <![CDATA[[TestResult name=validatecreatenewcontact status=SUCCESS method=ContactpageTest.validatecreatenewcontact(java.lang.String, java.lang.String, java.lang.String, java.lang.String, java.lang.String)[pri:1, instance:LoginpageTest.ContactpageTest@617faa95] output={null}]]]>
              </value>
            </param>
          </params>
          <reporter-output>
          </reporter-output>
        </test-method> <!-- AftertestExecution -->
        <test-method status="PASS" signature="setup()[pri:0, instance:LoginpageTest.ContactpageTest@617faa95]" name="setup" is-config="true" duration-ms="23894" started-at="2024-02-21T10:58:25Z" finished-at="2024-02-21T10:58:49Z">
          <reporter-output>
          </reporter-output>
        </test-method> <!-- setup -->
        <test-method status="PASS" signature="BeforetestExecution(java.lang.reflect.Method)[pri:0, instance:LoginpageTest.ContactpageTest@617faa95]" name="BeforetestExecution" is-config="true" duration-ms="0" started-at="2024-02-21T10:58:25Z" finished-at="2024-02-21T10:58:25Z">
          <params>
            <param index="0">
              <value>
                <![CDATA[public void LoginpageTest.ContactpageTest.validatecreatenewcontact(java.lang.String,java.lang.String,java.lang.String,java.lang.String,java.lang.String)]]>
              </value>
            </param>
          </params>
          <reporter-output>
          </reporter-output>
        </test-method> <!-- BeforetestExecution -->
        <test-method status="PASS" signature="validatecreatenewcontact(java.lang.String, java.lang.String, java.lang.String, java.lang.String, java.lang.String)[pri:1, instance:LoginpageTest.ContactpageTest@617faa95]" name="validatecreatenewcontact" duration-ms="7793" started-at="2024-02-21T10:58:49Z" data-provider="getCRMTestdata" finished-at="2024-02-21T10:58:57Z">
          <params>
            <param index="0">
              <value>
                <![CDATA[Miss]]>
              </value>
            </param>
            <param index="1">
              <value>
                <![CDATA[Test_3]]>
              </value>
            </param>
            <param index="2">
              <value>
                <![CDATA[Test3_Sname]]>
              </value>
            </param>
            <param index="3">
              <value>
                <![CDATA[XYZ]]>
              </value>
            </param>
            <param index="4">
              <value>
                <![CDATA[dummygmail@gmail.com]]>
              </value>
            </param>
          </params>
          <reporter-output>
          </reporter-output>
        </test-method> <!-- validatecreatenewcontact -->
        <test-method status="PASS" signature="teardown()[pri:0, instance:LoginpageTest.ContactpageTest@617faa95]" name="teardown" is-config="true" duration-ms="948" started-at="2024-02-21T10:58:57Z" finished-at="2024-02-21T10:58:58Z">
          <reporter-output>
          </reporter-output>
        </test-method> <!-- teardown -->
        <test-method status="PASS" signature="BeforetestExecution(java.lang.reflect.Method)[pri:0, instance:LoginpageTest.ContactpageTest@617faa95]" name="BeforetestExecution" is-config="true" duration-ms="4" started-at="2024-02-21T10:58:58Z" finished-at="2024-02-21T10:58:58Z">
          <params>
            <param index="0">
              <value>
                <![CDATA[public void LoginpageTest.ContactpageTest.validatecreatenewcontact(java.lang.String,java.lang.String,java.lang.String,java.lang.String,java.lang.String)]]>
              </value>
            </param>
          </params>
          <reporter-output>
          </reporter-output>
        </test-method> <!-- BeforetestExecution -->
        <test-method status="PASS" signature="AftertestExecution(org.testng.ITestResult)[pri:0, instance:LoginpageTest.ContactpageTest@617faa95]" name="AftertestExecution" is-config="true" duration-ms="0" started-at="2024-02-21T10:58:58Z" finished-at="2024-02-21T10:58:58Z">
          <params>
            <param index="0">
              <value>
                <![CDATA[[TestResult name=validatecreatenewcontact status=SUCCESS method=ContactpageTest.validatecreatenewcontact(java.lang.String, java.lang.String, java.lang.String, java.lang.String, java.lang.String)[pri:1, instance:LoginpageTest.ContactpageTest@617faa95] output={null}]]]>
              </value>
            </param>
          </params>
          <reporter-output>
          </reporter-output>
        </test-method> <!-- AftertestExecution -->
        <test-method status="PASS" signature="setup()[pri:0, instance:LoginpageTest.ContactpageTest@617faa95]" name="setup" is-config="true" duration-ms="26730" started-at="2024-02-21T10:58:58Z" finished-at="2024-02-21T10:59:25Z">
          <reporter-output>
          </reporter-output>
        </test-method> <!-- setup -->
        <test-method status="PASS" signature="validatecreatenewcontact(java.lang.String, java.lang.String, java.lang.String, java.lang.String, java.lang.String)[pri:1, instance:LoginpageTest.ContactpageTest@617faa95]" name="validatecreatenewcontact" duration-ms="8423" started-at="2024-02-21T10:59:25Z" data-provider="getCRMTestdata" finished-at="2024-02-21T10:59:33Z">
          <params>
            <param index="0">
              <value>
                <![CDATA[Miss]]>
              </value>
            </param>
            <param index="1">
              <value>
                <![CDATA[Test_4]]>
              </value>
            </param>
            <param index="2">
              <value>
                <![CDATA[Test4_Sname]]>
              </value>
            </param>
            <param index="3">
              <value>
                <![CDATA[XYZ]]>
              </value>
            </param>
            <param index="4">
              <value>
                <![CDATA[dummygmail@gmail.com]]>
              </value>
            </param>
          </params>
          <reporter-output>
          </reporter-output>
        </test-method> <!-- validatecreatenewcontact -->
        <test-method status="PASS" signature="teardown()[pri:0, instance:LoginpageTest.ContactpageTest@617faa95]" name="teardown" is-config="true" duration-ms="975" started-at="2024-02-21T10:59:33Z" finished-at="2024-02-21T10:59:34Z">
          <reporter-output>
          </reporter-output>
        </test-method> <!-- teardown -->
        <test-method status="PASS" signature="AftertestExecution(org.testng.ITestResult)[pri:0, instance:LoginpageTest.ContactpageTest@617faa95]" name="AftertestExecution" is-config="true" duration-ms="1" started-at="2024-02-21T10:59:34Z" finished-at="2024-02-21T10:59:34Z">
          <params>
            <param index="0">
              <value>
                <![CDATA[[TestResult name=validatecreatenewcontact status=SUCCESS method=ContactpageTest.validatecreatenewcontact(java.lang.String, java.lang.String, java.lang.String, java.lang.String, java.lang.String)[pri:1, instance:LoginpageTest.ContactpageTest@617faa95] output={null}]]]>
              </value>
            </param>
          </params>
          <reporter-output>
          </reporter-output>
        </test-method> <!-- AftertestExecution -->
        <test-method status="PASS" signature="generateReport()[pri:0, instance:LoginpageTest.ContactpageTest@617faa95]" name="generateReport" is-config="true" duration-ms="885" started-at="2024-02-21T11:00:07Z" finished-at="2024-02-21T11:00:08Z">
          <reporter-output>
          </reporter-output>
        </test-method> <!-- generateReport -->
      </class> <!-- LoginpageTest.ContactpageTest -->
    </test> <!-- Test -->
  </suite> <!-- Suite -->
</testng-results>
